[0.066s] DEBUG:colcon:Command line arguments: ['/usr/bin/colcon', 'build', '--packages-select', 'robot_interfaces']
[0.066s] DEBUG:colcon:Parsed command line arguments: Namespace(allow_overriding=[], ament_cmake_args=None, base_paths=['.'], build_base='build', catkin_cmake_args=None, catkin_skip_building_tests=False, cmake_args=None, cmake_clean_cache=False, cmake_clean_first=False, cmake_force_configure=False, cmake_target=None, cmake_target_skip_unavailable=False, continue_on_error=False, event_handlers=None, executor='parallel', ignore_user_meta=False, install_base='install', log_base=None, log_level=None, main=<bound method BuildVerb.main of <colcon_core.verb.build.BuildVerb object at 0xffffb1904670>>, merge_install=False, metas=['./colcon.meta'], packages_above=None, packages_above_and_dependencies=None, packages_above_depth=None, packages_end=None, packages_ignore=None, packages_ignore_regex=None, packages_select=['robot_interfaces'], packages_select_build_failed=False, packages_select_by_dep=None, packages_select_regex=None, packages_select_test_failures=False, packages_skip=None, packages_skip_build_finished=False, packages_skip_by_dep=None, packages_skip_regex=None, packages_skip_test_passed=False, packages_skip_up_to=None, packages_start=None, packages_up_to=None, packages_up_to_regex=None, parallel_workers=4, paths=None, symlink_install=False, test_result_base=None, verb_extension=<colcon_core.verb.build.BuildVerb object at 0xffffb1904670>, verb_name='build', verb_parser=<colcon_defaults.argument_parser.defaults.DefaultArgumentsDecorator object at 0xffffb1904bb0>)
[0.077s] Level 1:colcon.colcon_core.package_discovery:discover_packages(colcon_meta) check parameters
[0.078s] Level 1:colcon.colcon_core.package_discovery:discover_packages(recursive) check parameters
[0.078s] Level 1:colcon.colcon_core.package_discovery:discover_packages(ignore) check parameters
[0.078s] Level 1:colcon.colcon_core.package_discovery:discover_packages(path) check parameters
[0.078s] Level 1:colcon.colcon_core.package_discovery:discover_packages(colcon_meta) discover
[0.078s] Level 1:colcon.colcon_core.package_discovery:discover_packages(recursive) discover
[0.078s] INFO:colcon.colcon_core.package_discovery:Crawling recursively for packages in '/home/parallels/code/ros2-test/face-robot-02'
[0.078s] Level 1:colcon.colcon_core.package_identification:_identify(.) by extensions ['ignore', 'ignore_ament_install']
[0.078s] Level 1:colcon.colcon_core.package_identification:_identify(.) by extension 'ignore'
[0.078s] Level 1:colcon.colcon_core.package_identification:_identify(.) by extension 'ignore_ament_install'
[0.078s] Level 1:colcon.colcon_core.package_identification:_identify(.) by extensions ['colcon_pkg']
[0.078s] Level 1:colcon.colcon_core.package_identification:_identify(.) by extension 'colcon_pkg'
[0.078s] Level 1:colcon.colcon_core.package_identification:_identify(.) by extensions ['colcon_meta']
[0.078s] Level 1:colcon.colcon_core.package_identification:_identify(.) by extension 'colcon_meta'
[0.078s] Level 1:colcon.colcon_core.package_identification:_identify(.) by extensions ['ros']
[0.078s] Level 1:colcon.colcon_core.package_identification:_identify(.) by extension 'ros'
[0.083s] Level 1:colcon.colcon_core.package_identification:_identify(.) by extensions ['cmake', 'python']
[0.083s] Level 1:colcon.colcon_core.package_identification:_identify(.) by extension 'cmake'
[0.083s] Level 1:colcon.colcon_core.package_identification:_identify(.) by extension 'python'
[0.083s] Level 1:colcon.colcon_core.package_identification:_identify(.) by extensions ['python_setup_py']
[0.083s] Level 1:colcon.colcon_core.package_identification:_identify(.) by extension 'python_setup_py'
[0.083s] Level 1:colcon.colcon_core.package_identification:_identify(build) by extensions ['ignore', 'ignore_ament_install']
[0.083s] Level 1:colcon.colcon_core.package_identification:_identify(build) by extension 'ignore'
[0.083s] Level 1:colcon.colcon_core.package_identification:_identify(build) ignored
[0.084s] Level 1:colcon.colcon_core.package_identification:_identify(install) by extensions ['ignore', 'ignore_ament_install']
[0.084s] Level 1:colcon.colcon_core.package_identification:_identify(install) by extension 'ignore'
[0.084s] Level 1:colcon.colcon_core.package_identification:_identify(install) ignored
[0.084s] Level 1:colcon.colcon_core.package_identification:_identify(log) by extensions ['ignore', 'ignore_ament_install']
[0.084s] Level 1:colcon.colcon_core.package_identification:_identify(log) by extension 'ignore'
[0.084s] Level 1:colcon.colcon_core.package_identification:_identify(log) ignored
[0.084s] Level 1:colcon.colcon_core.package_identification:_identify(src) by extensions ['ignore', 'ignore_ament_install']
[0.084s] Level 1:colcon.colcon_core.package_identification:_identify(src) by extension 'ignore'
[0.084s] Level 1:colcon.colcon_core.package_identification:_identify(src) by extension 'ignore_ament_install'
[0.084s] Level 1:colcon.colcon_core.package_identification:_identify(src) by extensions ['colcon_pkg']
[0.084s] Level 1:colcon.colcon_core.package_identification:_identify(src) by extension 'colcon_pkg'
[0.084s] Level 1:colcon.colcon_core.package_identification:_identify(src) by extensions ['colcon_meta']
[0.084s] Level 1:colcon.colcon_core.package_identification:_identify(src) by extension 'colcon_meta'
[0.084s] Level 1:colcon.colcon_core.package_identification:_identify(src) by extensions ['ros']
[0.084s] Level 1:colcon.colcon_core.package_identification:_identify(src) by extension 'ros'
[0.084s] Level 1:colcon.colcon_core.package_identification:_identify(src) by extensions ['cmake', 'python']
[0.084s] Level 1:colcon.colcon_core.package_identification:_identify(src) by extension 'cmake'
[0.084s] Level 1:colcon.colcon_core.package_identification:_identify(src) by extension 'python'
[0.084s] Level 1:colcon.colcon_core.package_identification:_identify(src) by extensions ['python_setup_py']
[0.084s] Level 1:colcon.colcon_core.package_identification:_identify(src) by extension 'python_setup_py'
[0.084s] Level 1:colcon.colcon_core.package_identification:_identify(src/eye_cmds) by extensions ['ignore', 'ignore_ament_install']
[0.084s] Level 1:colcon.colcon_core.package_identification:_identify(src/eye_cmds) by extension 'ignore'
[0.084s] Level 1:colcon.colcon_core.package_identification:_identify(src/eye_cmds) by extension 'ignore_ament_install'
[0.084s] Level 1:colcon.colcon_core.package_identification:_identify(src/eye_cmds) by extensions ['colcon_pkg']
[0.084s] Level 1:colcon.colcon_core.package_identification:_identify(src/eye_cmds) by extension 'colcon_pkg'
[0.084s] Level 1:colcon.colcon_core.package_identification:_identify(src/eye_cmds) by extensions ['colcon_meta']
[0.084s] Level 1:colcon.colcon_core.package_identification:_identify(src/eye_cmds) by extension 'colcon_meta'
[0.084s] Level 1:colcon.colcon_core.package_identification:_identify(src/eye_cmds) by extensions ['ros']
[0.084s] Level 1:colcon.colcon_core.package_identification:_identify(src/eye_cmds) by extension 'ros'
[0.086s] DEBUG:colcon.colcon_core.package_identification:Package 'src/eye_cmds' with type 'ros.ament_python' and name 'eye_cmds'
[0.086s] Level 1:colcon.colcon_core.package_identification:_identify(src/mouth_cmds) by extensions ['ignore', 'ignore_ament_install']
[0.086s] Level 1:colcon.colcon_core.package_identification:_identify(src/mouth_cmds) by extension 'ignore'
[0.086s] Level 1:colcon.colcon_core.package_identification:_identify(src/mouth_cmds) by extension 'ignore_ament_install'
[0.086s] Level 1:colcon.colcon_core.package_identification:_identify(src/mouth_cmds) by extensions ['colcon_pkg']
[0.086s] Level 1:colcon.colcon_core.package_identification:_identify(src/mouth_cmds) by extension 'colcon_pkg'
[0.086s] Level 1:colcon.colcon_core.package_identification:_identify(src/mouth_cmds) by extensions ['colcon_meta']
[0.086s] Level 1:colcon.colcon_core.package_identification:_identify(src/mouth_cmds) by extension 'colcon_meta'
[0.086s] Level 1:colcon.colcon_core.package_identification:_identify(src/mouth_cmds) by extensions ['ros']
[0.086s] Level 1:colcon.colcon_core.package_identification:_identify(src/mouth_cmds) by extension 'ros'
[0.086s] DEBUG:colcon.colcon_core.package_identification:Package 'src/mouth_cmds' with type 'ros.ament_python' and name 'mouth_cmds'
[0.086s] Level 1:colcon.colcon_core.package_identification:_identify(src/mp_input) by extensions ['ignore', 'ignore_ament_install']
[0.086s] Level 1:colcon.colcon_core.package_identification:_identify(src/mp_input) by extension 'ignore'
[0.086s] Level 1:colcon.colcon_core.package_identification:_identify(src/mp_input) by extension 'ignore_ament_install'
[0.086s] Level 1:colcon.colcon_core.package_identification:_identify(src/mp_input) by extensions ['colcon_pkg']
[0.086s] Level 1:colcon.colcon_core.package_identification:_identify(src/mp_input) by extension 'colcon_pkg'
[0.086s] Level 1:colcon.colcon_core.package_identification:_identify(src/mp_input) by extensions ['colcon_meta']
[0.086s] Level 1:colcon.colcon_core.package_identification:_identify(src/mp_input) by extension 'colcon_meta'
[0.086s] Level 1:colcon.colcon_core.package_identification:_identify(src/mp_input) by extensions ['ros']
[0.086s] Level 1:colcon.colcon_core.package_identification:_identify(src/mp_input) by extension 'ros'
[0.087s] DEBUG:colcon.colcon_core.package_identification:Package 'src/mp_input' with type 'ros.ament_python' and name 'mp_input'
[0.087s] Level 1:colcon.colcon_core.package_identification:_identify(src/neck_cmds) by extensions ['ignore', 'ignore_ament_install']
[0.087s] Level 1:colcon.colcon_core.package_identification:_identify(src/neck_cmds) by extension 'ignore'
[0.087s] Level 1:colcon.colcon_core.package_identification:_identify(src/neck_cmds) by extension 'ignore_ament_install'
[0.087s] Level 1:colcon.colcon_core.package_identification:_identify(src/neck_cmds) by extensions ['colcon_pkg']
[0.087s] Level 1:colcon.colcon_core.package_identification:_identify(src/neck_cmds) by extension 'colcon_pkg'
[0.087s] Level 1:colcon.colcon_core.package_identification:_identify(src/neck_cmds) by extensions ['colcon_meta']
[0.087s] Level 1:colcon.colcon_core.package_identification:_identify(src/neck_cmds) by extension 'colcon_meta'
[0.087s] Level 1:colcon.colcon_core.package_identification:_identify(src/neck_cmds) by extensions ['ros']
[0.087s] Level 1:colcon.colcon_core.package_identification:_identify(src/neck_cmds) by extension 'ros'
[0.087s] DEBUG:colcon.colcon_core.package_identification:Package 'src/neck_cmds' with type 'ros.ament_python' and name 'neck_cmds'
[0.087s] Level 1:colcon.colcon_core.package_identification:_identify(src/nn_computer) by extensions ['ignore', 'ignore_ament_install']
[0.087s] Level 1:colcon.colcon_core.package_identification:_identify(src/nn_computer) by extension 'ignore'
[0.087s] Level 1:colcon.colcon_core.package_identification:_identify(src/nn_computer) by extension 'ignore_ament_install'
[0.087s] Level 1:colcon.colcon_core.package_identification:_identify(src/nn_computer) by extensions ['colcon_pkg']
[0.087s] Level 1:colcon.colcon_core.package_identification:_identify(src/nn_computer) by extension 'colcon_pkg'
[0.087s] Level 1:colcon.colcon_core.package_identification:_identify(src/nn_computer) by extensions ['colcon_meta']
[0.087s] Level 1:colcon.colcon_core.package_identification:_identify(src/nn_computer) by extension 'colcon_meta'
[0.087s] Level 1:colcon.colcon_core.package_identification:_identify(src/nn_computer) by extensions ['ros']
[0.087s] Level 1:colcon.colcon_core.package_identification:_identify(src/nn_computer) by extension 'ros'
[0.088s] DEBUG:colcon.colcon_core.package_identification:Package 'src/nn_computer' with type 'ros.ament_python' and name 'nn_computer'
[0.088s] Level 1:colcon.colcon_core.package_identification:_identify(src/robot_interfaces) by extensions ['ignore', 'ignore_ament_install']
[0.088s] Level 1:colcon.colcon_core.package_identification:_identify(src/robot_interfaces) by extension 'ignore'
[0.088s] Level 1:colcon.colcon_core.package_identification:_identify(src/robot_interfaces) by extension 'ignore_ament_install'
[0.088s] Level 1:colcon.colcon_core.package_identification:_identify(src/robot_interfaces) by extensions ['colcon_pkg']
[0.088s] Level 1:colcon.colcon_core.package_identification:_identify(src/robot_interfaces) by extension 'colcon_pkg'
[0.088s] Level 1:colcon.colcon_core.package_identification:_identify(src/robot_interfaces) by extensions ['colcon_meta']
[0.088s] Level 1:colcon.colcon_core.package_identification:_identify(src/robot_interfaces) by extension 'colcon_meta'
[0.088s] Level 1:colcon.colcon_core.package_identification:_identify(src/robot_interfaces) by extensions ['ros']
[0.088s] Level 1:colcon.colcon_core.package_identification:_identify(src/robot_interfaces) by extension 'ros'
[0.088s] DEBUG:colcon.colcon_core.package_identification:Package 'src/robot_interfaces' with type 'ros.ament_cmake' and name 'robot_interfaces'
[0.088s] Level 1:colcon.colcon_core.package_discovery:discover_packages(recursive) using defaults
[0.088s] Level 1:colcon.colcon_core.package_discovery:discover_packages(ignore) discover
[0.088s] Level 1:colcon.colcon_core.package_discovery:discover_packages(ignore) using defaults
[0.088s] Level 1:colcon.colcon_core.package_discovery:discover_packages(path) discover
[0.088s] Level 1:colcon.colcon_core.package_discovery:discover_packages(path) using defaults
[0.097s] INFO:colcon.colcon_core.package_selection:Skipping not selected package 'eye_cmds' in 'src/eye_cmds'
[0.097s] INFO:colcon.colcon_core.package_selection:Skipping not selected package 'mouth_cmds' in 'src/mouth_cmds'
[0.097s] INFO:colcon.colcon_core.package_selection:Skipping not selected package 'mp_input' in 'src/mp_input'
[0.097s] INFO:colcon.colcon_core.package_selection:Skipping not selected package 'neck_cmds' in 'src/neck_cmds'
[0.097s] INFO:colcon.colcon_core.package_selection:Skipping not selected package 'nn_computer' in 'src/nn_computer'
[0.097s] Level 1:colcon.colcon_core.package_discovery:discover_packages(prefix_path) check parameters
[0.097s] Level 1:colcon.colcon_core.package_discovery:discover_packages(prefix_path) discover
[0.099s] DEBUG:colcon.colcon_installed_package_information.package_discovery:Found 256 installed packages in /opt/ros/foxy
[0.099s] Level 1:colcon.colcon_core.package_discovery:discover_packages(prefix_path) using defaults
[0.133s] Level 5:colcon.colcon_core.verb:set package 'robot_interfaces' build argument 'cmake_args' from command line to 'None'
[0.133s] Level 5:colcon.colcon_core.verb:set package 'robot_interfaces' build argument 'cmake_target' from command line to 'None'
[0.133s] Level 5:colcon.colcon_core.verb:set package 'robot_interfaces' build argument 'cmake_target_skip_unavailable' from command line to 'False'
[0.133s] Level 5:colcon.colcon_core.verb:set package 'robot_interfaces' build argument 'cmake_clean_cache' from command line to 'False'
[0.133s] Level 5:colcon.colcon_core.verb:set package 'robot_interfaces' build argument 'cmake_clean_first' from command line to 'False'
[0.133s] Level 5:colcon.colcon_core.verb:set package 'robot_interfaces' build argument 'cmake_force_configure' from command line to 'False'
[0.133s] Level 5:colcon.colcon_core.verb:set package 'robot_interfaces' build argument 'ament_cmake_args' from command line to 'None'
[0.133s] Level 5:colcon.colcon_core.verb:set package 'robot_interfaces' build argument 'catkin_cmake_args' from command line to 'None'
[0.133s] Level 5:colcon.colcon_core.verb:set package 'robot_interfaces' build argument 'catkin_skip_building_tests' from command line to 'False'
[0.133s] DEBUG:colcon.colcon_core.verb:Building package 'robot_interfaces' with the following arguments: {'ament_cmake_args': None, 'build_base': '/home/parallels/code/ros2-test/face-robot-02/build/robot_interfaces', 'catkin_cmake_args': None, 'catkin_skip_building_tests': False, 'cmake_args': None, 'cmake_clean_cache': False, 'cmake_clean_first': False, 'cmake_force_configure': False, 'cmake_target': None, 'cmake_target_skip_unavailable': False, 'install_base': '/home/parallels/code/ros2-test/face-robot-02/install/robot_interfaces', 'merge_install': False, 'path': '/home/parallels/code/ros2-test/face-robot-02/src/robot_interfaces', 'symlink_install': False, 'test_result_base': None}
[0.133s] INFO:colcon.colcon_core.executor:Executing jobs using 'parallel' executor
[0.134s] DEBUG:colcon.colcon_parallel_executor.executor.parallel:run_until_complete
[0.134s] INFO:colcon.colcon_ros.task.ament_cmake.build:Building ROS package in '/home/parallels/code/ros2-test/face-robot-02/src/robot_interfaces' with build type 'ament_cmake'
[0.134s] INFO:colcon.colcon_cmake.task.cmake.build:Building CMake package in '/home/parallels/code/ros2-test/face-robot-02/src/robot_interfaces'
[0.136s] ERROR:colcon.colcon_core.entry_point:Exception loading extension 'colcon_core.shell.zsh': cannot import name 'Interpreter' from 'em' (/home/parallels/.local/lib/python3.8/site-packages/em/__init__.py) The Python package 'empy' must be installed and 'em' must not be installed since both packages share the same namespace
Traceback (most recent call last):
  File "/usr/lib/python3/dist-packages/colcon_core/entry_point.py", line 120, in load_entry_points
    extension_type = load_entry_point(entry_point)
  File "/usr/lib/python3/dist-packages/colcon_core/entry_point.py", line 166, in load_entry_point
    return entry_point.load()
  File "/usr/lib/python3/dist-packages/pkg_resources/__init__.py", line 2445, in load
    return self.resolve()
  File "/usr/lib/python3/dist-packages/pkg_resources/__init__.py", line 2451, in resolve
    module = __import__(self.module_name, fromlist=['__name__'], level=0)
  File "/usr/lib/python3/dist-packages/colcon_zsh/shell/zsh.py", line 13, in <module>
    from colcon_core.shell.template import expand_template
  File "/usr/lib/python3/dist-packages/colcon_core/shell/template/__init__.py", line 19, in <module>
    raise e from None
  File "/usr/lib/python3/dist-packages/colcon_core/shell/template/__init__.py", line 9, in <module>
    from em import Interpreter
ImportError: cannot import name 'Interpreter' from 'em' (/home/parallels/.local/lib/python3.8/site-packages/em/__init__.py) The Python package 'empy' must be installed and 'em' must not be installed since both packages share the same namespace

[0.137s] ERROR:colcon.colcon_core.entry_point:Exception loading extension 'colcon_core.shell.powershell': cannot import name 'Interpreter' from 'em' (/home/parallels/.local/lib/python3.8/site-packages/em/__init__.py) The Python package 'empy' must be installed and 'em' must not be installed since both packages share the same namespace
Traceback (most recent call last):
  File "/usr/lib/python3/dist-packages/colcon_core/entry_point.py", line 120, in load_entry_points
    extension_type = load_entry_point(entry_point)
  File "/usr/lib/python3/dist-packages/colcon_core/entry_point.py", line 166, in load_entry_point
    return entry_point.load()
  File "/usr/lib/python3/dist-packages/pkg_resources/__init__.py", line 2445, in load
    return self.resolve()
  File "/usr/lib/python3/dist-packages/pkg_resources/__init__.py", line 2451, in resolve
    module = __import__(self.module_name, fromlist=['__name__'], level=0)
  File "/usr/lib/python3/dist-packages/colcon_powershell/shell/powershell.py", line 17, in <module>
    from colcon_core.shell.template import expand_template
  File "/usr/lib/python3/dist-packages/colcon_core/shell/template/__init__.py", line 19, in <module>
    raise e from None
  File "/usr/lib/python3/dist-packages/colcon_core/shell/template/__init__.py", line 9, in <module>
    from em import Interpreter
ImportError: cannot import name 'Interpreter' from 'em' (/home/parallels/.local/lib/python3.8/site-packages/em/__init__.py) The Python package 'empy' must be installed and 'em' must not be installed since both packages share the same namespace

[0.137s] ERROR:colcon.colcon_core.entry_point:Exception loading extension 'colcon_core.shell.bat': cannot import name 'Interpreter' from 'em' (/home/parallels/.local/lib/python3.8/site-packages/em/__init__.py) The Python package 'empy' must be installed and 'em' must not be installed since both packages share the same namespace
Traceback (most recent call last):
  File "/usr/lib/python3/dist-packages/colcon_core/entry_point.py", line 120, in load_entry_points
    extension_type = load_entry_point(entry_point)
  File "/usr/lib/python3/dist-packages/colcon_core/entry_point.py", line 166, in load_entry_point
    return entry_point.load()
  File "/usr/lib/python3/dist-packages/pkg_resources/__init__.py", line 2445, in load
    return self.resolve()
  File "/usr/lib/python3/dist-packages/pkg_resources/__init__.py", line 2451, in resolve
    module = __import__(self.module_name, fromlist=['__name__'], level=0)
  File "/usr/lib/python3/dist-packages/colcon_core/shell/bat.py", line 15, in <module>
    from colcon_core.shell.template import expand_template
  File "/usr/lib/python3/dist-packages/colcon_core/shell/template/__init__.py", line 19, in <module>
    raise e from None
  File "/usr/lib/python3/dist-packages/colcon_core/shell/template/__init__.py", line 9, in <module>
    from em import Interpreter
ImportError: cannot import name 'Interpreter' from 'em' (/home/parallels/.local/lib/python3.8/site-packages/em/__init__.py) The Python package 'empy' must be installed and 'em' must not be installed since both packages share the same namespace

[0.138s] ERROR:colcon.colcon_core.entry_point:Exception loading extension 'colcon_core.shell.dsv': cannot import name 'Interpreter' from 'em' (/home/parallels/.local/lib/python3.8/site-packages/em/__init__.py) The Python package 'empy' must be installed and 'em' must not be installed since both packages share the same namespace
Traceback (most recent call last):
  File "/usr/lib/python3/dist-packages/colcon_core/entry_point.py", line 120, in load_entry_points
    extension_type = load_entry_point(entry_point)
  File "/usr/lib/python3/dist-packages/colcon_core/entry_point.py", line 166, in load_entry_point
    return entry_point.load()
  File "/usr/lib/python3/dist-packages/pkg_resources/__init__.py", line 2445, in load
    return self.resolve()
  File "/usr/lib/python3/dist-packages/pkg_resources/__init__.py", line 2451, in resolve
    module = __import__(self.module_name, fromlist=['__name__'], level=0)
  File "/usr/lib/python3/dist-packages/colcon_core/shell/dsv.py", line 9, in <module>
    from colcon_core.shell.template import expand_template
  File "/usr/lib/python3/dist-packages/colcon_core/shell/template/__init__.py", line 19, in <module>
    raise e from None
  File "/usr/lib/python3/dist-packages/colcon_core/shell/template/__init__.py", line 9, in <module>
    from em import Interpreter
ImportError: cannot import name 'Interpreter' from 'em' (/home/parallels/.local/lib/python3.8/site-packages/em/__init__.py) The Python package 'empy' must be installed and 'em' must not be installed since both packages share the same namespace

[0.138s] ERROR:colcon.colcon_core.entry_point:Exception loading extension 'colcon_core.shell.sh': cannot import name 'Interpreter' from 'em' (/home/parallels/.local/lib/python3.8/site-packages/em/__init__.py) The Python package 'empy' must be installed and 'em' must not be installed since both packages share the same namespace
Traceback (most recent call last):
  File "/usr/lib/python3/dist-packages/colcon_core/entry_point.py", line 120, in load_entry_points
    extension_type = load_entry_point(entry_point)
  File "/usr/lib/python3/dist-packages/colcon_core/entry_point.py", line 166, in load_entry_point
    return entry_point.load()
  File "/usr/lib/python3/dist-packages/pkg_resources/__init__.py", line 2445, in load
    return self.resolve()
  File "/usr/lib/python3/dist-packages/pkg_resources/__init__.py", line 2451, in resolve
    module = __import__(self.module_name, fromlist=['__name__'], level=0)
  File "/usr/lib/python3/dist-packages/colcon_core/shell/sh.py", line 15, in <module>
    from colcon_core.shell.template import expand_template
  File "/usr/lib/python3/dist-packages/colcon_core/shell/template/__init__.py", line 19, in <module>
    raise e from None
  File "/usr/lib/python3/dist-packages/colcon_core/shell/template/__init__.py", line 9, in <module>
    from em import Interpreter
ImportError: cannot import name 'Interpreter' from 'em' (/home/parallels/.local/lib/python3.8/site-packages/em/__init__.py) The Python package 'empy' must be installed and 'em' must not be installed since both packages share the same namespace

[0.140s] ERROR:colcon.colcon_core.entry_point:Exception loading extension 'colcon_core.shell.bash': cannot import name 'Interpreter' from 'em' (/home/parallels/.local/lib/python3.8/site-packages/em/__init__.py) The Python package 'empy' must be installed and 'em' must not be installed since both packages share the same namespace
Traceback (most recent call last):
  File "/usr/lib/python3/dist-packages/colcon_core/entry_point.py", line 120, in load_entry_points
    extension_type = load_entry_point(entry_point)
  File "/usr/lib/python3/dist-packages/colcon_core/entry_point.py", line 166, in load_entry_point
    return entry_point.load()
  File "/usr/lib/python3/dist-packages/pkg_resources/__init__.py", line 2445, in load
    return self.resolve()
  File "/usr/lib/python3/dist-packages/pkg_resources/__init__.py", line 2451, in resolve
    module = __import__(self.module_name, fromlist=['__name__'], level=0)
  File "/usr/lib/python3/dist-packages/colcon_bash/shell/bash.py", line 13, in <module>
    from colcon_core.shell.template import expand_template
  File "/usr/lib/python3/dist-packages/colcon_core/shell/template/__init__.py", line 19, in <module>
    raise e from None
  File "/usr/lib/python3/dist-packages/colcon_core/shell/template/__init__.py", line 9, in <module>
    from em import Interpreter
ImportError: cannot import name 'Interpreter' from 'em' (/home/parallels/.local/lib/python3.8/site-packages/em/__init__.py) The Python package 'empy' must be installed and 'em' must not be installed since both packages share the same namespace

[0.140s] ERROR:colcon.colcon_cmake.task.cmake.build:Could not find a shell extension for the command environment
[0.152s] Level 1:colcon.colcon_core.environment:create_environment_scripts_only(robot_interfaces)
[0.154s] Level 1:colcon.colcon_core.environment:checking '/home/parallels/code/ros2-test/face-robot-02/install/robot_interfaces' for CMake module files
[0.154s] Level 1:colcon.colcon_core.environment:checking '/home/parallels/code/ros2-test/face-robot-02/install/robot_interfaces' for CMake config files
[0.155s] Level 1:colcon.colcon_core.environment:checking '/home/parallels/code/ros2-test/face-robot-02/install/robot_interfaces/bin'
[0.155s] Level 1:colcon.colcon_core.environment:checking '/home/parallels/code/ros2-test/face-robot-02/install/robot_interfaces/lib/pkgconfig/robot_interfaces.pc'
[0.155s] Level 1:colcon.colcon_core.environment:checking '/home/parallels/code/ros2-test/face-robot-02/install/robot_interfaces/lib/python3.8/site-packages'
[0.155s] Level 1:colcon.colcon_core.environment:checking '/home/parallels/code/ros2-test/face-robot-02/install/robot_interfaces/bin'
[0.155s] ERROR:colcon.colcon_core.entry_point:Exception loading extension 'colcon_core.shell.zsh': cannot import name 'Interpreter' from 'em' (/home/parallels/.local/lib/python3.8/site-packages/em/__init__.py) The Python package 'empy' must be installed and 'em' must not be installed since both packages share the same namespace
Traceback (most recent call last):
  File "/usr/lib/python3/dist-packages/colcon_core/entry_point.py", line 120, in load_entry_points
    extension_type = load_entry_point(entry_point)
  File "/usr/lib/python3/dist-packages/colcon_core/entry_point.py", line 166, in load_entry_point
    return entry_point.load()
  File "/usr/lib/python3/dist-packages/pkg_resources/__init__.py", line 2445, in load
    return self.resolve()
  File "/usr/lib/python3/dist-packages/pkg_resources/__init__.py", line 2451, in resolve
    module = __import__(self.module_name, fromlist=['__name__'], level=0)
  File "/usr/lib/python3/dist-packages/colcon_zsh/shell/zsh.py", line 13, in <module>
    from colcon_core.shell.template import expand_template
  File "/usr/lib/python3/dist-packages/colcon_core/shell/template/__init__.py", line 19, in <module>
    raise e from None
  File "/usr/lib/python3/dist-packages/colcon_core/shell/template/__init__.py", line 9, in <module>
    from em import Interpreter
ImportError: cannot import name 'Interpreter' from 'em' (/home/parallels/.local/lib/python3.8/site-packages/em/__init__.py) The Python package 'empy' must be installed and 'em' must not be installed since both packages share the same namespace

[0.156s] ERROR:colcon.colcon_core.entry_point:Exception loading extension 'colcon_core.shell.powershell': cannot import name 'Interpreter' from 'em' (/home/parallels/.local/lib/python3.8/site-packages/em/__init__.py) The Python package 'empy' must be installed and 'em' must not be installed since both packages share the same namespace
Traceback (most recent call last):
  File "/usr/lib/python3/dist-packages/colcon_core/entry_point.py", line 120, in load_entry_points
    extension_type = load_entry_point(entry_point)
  File "/usr/lib/python3/dist-packages/colcon_core/entry_point.py", line 166, in load_entry_point
    return entry_point.load()
  File "/usr/lib/python3/dist-packages/pkg_resources/__init__.py", line 2445, in load
    return self.resolve()
  File "/usr/lib/python3/dist-packages/pkg_resources/__init__.py", line 2451, in resolve
    module = __import__(self.module_name, fromlist=['__name__'], level=0)
  File "/usr/lib/python3/dist-packages/colcon_powershell/shell/powershell.py", line 17, in <module>
    from colcon_core.shell.template import expand_template
  File "/usr/lib/python3/dist-packages/colcon_core/shell/template/__init__.py", line 19, in <module>
    raise e from None
  File "/usr/lib/python3/dist-packages/colcon_core/shell/template/__init__.py", line 9, in <module>
    from em import Interpreter
ImportError: cannot import name 'Interpreter' from 'em' (/home/parallels/.local/lib/python3.8/site-packages/em/__init__.py) The Python package 'empy' must be installed and 'em' must not be installed since both packages share the same namespace

[0.156s] ERROR:colcon.colcon_core.entry_point:Exception loading extension 'colcon_core.shell.bat': cannot import name 'Interpreter' from 'em' (/home/parallels/.local/lib/python3.8/site-packages/em/__init__.py) The Python package 'empy' must be installed and 'em' must not be installed since both packages share the same namespace
Traceback (most recent call last):
  File "/usr/lib/python3/dist-packages/colcon_core/entry_point.py", line 120, in load_entry_points
    extension_type = load_entry_point(entry_point)
  File "/usr/lib/python3/dist-packages/colcon_core/entry_point.py", line 166, in load_entry_point
    return entry_point.load()
  File "/usr/lib/python3/dist-packages/pkg_resources/__init__.py", line 2445, in load
    return self.resolve()
  File "/usr/lib/python3/dist-packages/pkg_resources/__init__.py", line 2451, in resolve
    module = __import__(self.module_name, fromlist=['__name__'], level=0)
  File "/usr/lib/python3/dist-packages/colcon_core/shell/bat.py", line 15, in <module>
    from colcon_core.shell.template import expand_template
  File "/usr/lib/python3/dist-packages/colcon_core/shell/template/__init__.py", line 19, in <module>
    raise e from None
  File "/usr/lib/python3/dist-packages/colcon_core/shell/template/__init__.py", line 9, in <module>
    from em import Interpreter
ImportError: cannot import name 'Interpreter' from 'em' (/home/parallels/.local/lib/python3.8/site-packages/em/__init__.py) The Python package 'empy' must be installed and 'em' must not be installed since both packages share the same namespace

[0.156s] ERROR:colcon.colcon_core.entry_point:Exception loading extension 'colcon_core.shell.dsv': cannot import name 'Interpreter' from 'em' (/home/parallels/.local/lib/python3.8/site-packages/em/__init__.py) The Python package 'empy' must be installed and 'em' must not be installed since both packages share the same namespace
Traceback (most recent call last):
  File "/usr/lib/python3/dist-packages/colcon_core/entry_point.py", line 120, in load_entry_points
    extension_type = load_entry_point(entry_point)
  File "/usr/lib/python3/dist-packages/colcon_core/entry_point.py", line 166, in load_entry_point
    return entry_point.load()
  File "/usr/lib/python3/dist-packages/pkg_resources/__init__.py", line 2445, in load
    return self.resolve()
  File "/usr/lib/python3/dist-packages/pkg_resources/__init__.py", line 2451, in resolve
    module = __import__(self.module_name, fromlist=['__name__'], level=0)
  File "/usr/lib/python3/dist-packages/colcon_core/shell/dsv.py", line 9, in <module>
    from colcon_core.shell.template import expand_template
  File "/usr/lib/python3/dist-packages/colcon_core/shell/template/__init__.py", line 19, in <module>
    raise e from None
  File "/usr/lib/python3/dist-packages/colcon_core/shell/template/__init__.py", line 9, in <module>
    from em import Interpreter
ImportError: cannot import name 'Interpreter' from 'em' (/home/parallels/.local/lib/python3.8/site-packages/em/__init__.py) The Python package 'empy' must be installed and 'em' must not be installed since both packages share the same namespace

[0.157s] ERROR:colcon.colcon_core.entry_point:Exception loading extension 'colcon_core.shell.sh': cannot import name 'Interpreter' from 'em' (/home/parallels/.local/lib/python3.8/site-packages/em/__init__.py) The Python package 'empy' must be installed and 'em' must not be installed since both packages share the same namespace
Traceback (most recent call last):
  File "/usr/lib/python3/dist-packages/colcon_core/entry_point.py", line 120, in load_entry_points
    extension_type = load_entry_point(entry_point)
  File "/usr/lib/python3/dist-packages/colcon_core/entry_point.py", line 166, in load_entry_point
    return entry_point.load()
  File "/usr/lib/python3/dist-packages/pkg_resources/__init__.py", line 2445, in load
    return self.resolve()
  File "/usr/lib/python3/dist-packages/pkg_resources/__init__.py", line 2451, in resolve
    module = __import__(self.module_name, fromlist=['__name__'], level=0)
  File "/usr/lib/python3/dist-packages/colcon_core/shell/sh.py", line 15, in <module>
    from colcon_core.shell.template import expand_template
  File "/usr/lib/python3/dist-packages/colcon_core/shell/template/__init__.py", line 19, in <module>
    raise e from None
  File "/usr/lib/python3/dist-packages/colcon_core/shell/template/__init__.py", line 9, in <module>
    from em import Interpreter
ImportError: cannot import name 'Interpreter' from 'em' (/home/parallels/.local/lib/python3.8/site-packages/em/__init__.py) The Python package 'empy' must be installed and 'em' must not be installed since both packages share the same namespace

[0.157s] ERROR:colcon.colcon_core.entry_point:Exception loading extension 'colcon_core.shell.bash': cannot import name 'Interpreter' from 'em' (/home/parallels/.local/lib/python3.8/site-packages/em/__init__.py) The Python package 'empy' must be installed and 'em' must not be installed since both packages share the same namespace
Traceback (most recent call last):
  File "/usr/lib/python3/dist-packages/colcon_core/entry_point.py", line 120, in load_entry_points
    extension_type = load_entry_point(entry_point)
  File "/usr/lib/python3/dist-packages/colcon_core/entry_point.py", line 166, in load_entry_point
    return entry_point.load()
  File "/usr/lib/python3/dist-packages/pkg_resources/__init__.py", line 2445, in load
    return self.resolve()
  File "/usr/lib/python3/dist-packages/pkg_resources/__init__.py", line 2451, in resolve
    module = __import__(self.module_name, fromlist=['__name__'], level=0)
  File "/usr/lib/python3/dist-packages/colcon_bash/shell/bash.py", line 13, in <module>
    from colcon_core.shell.template import expand_template
  File "/usr/lib/python3/dist-packages/colcon_core/shell/template/__init__.py", line 19, in <module>
    raise e from None
  File "/usr/lib/python3/dist-packages/colcon_core/shell/template/__init__.py", line 9, in <module>
    from em import Interpreter
ImportError: cannot import name 'Interpreter' from 'em' (/home/parallels/.local/lib/python3.8/site-packages/em/__init__.py) The Python package 'empy' must be installed and 'em' must not be installed since both packages share the same namespace

[0.157s] Level 1:colcon.colcon_core.environment:create_file_with_runtime_dependencies(/home/parallels/code/ros2-test/face-robot-02/install/robot_interfaces/share/colcon-core/packages/robot_interfaces)
[0.168s] DEBUG:colcon.colcon_parallel_executor.executor.parallel:closing loop
[0.168s] DEBUG:colcon.colcon_parallel_executor.executor.parallel:loop closed
[0.168s] DEBUG:colcon.colcon_parallel_executor.executor.parallel:run_until_complete finished with '1'
[0.168s] DEBUG:colcon.colcon_core.event_reactor:joining thread
[0.171s] INFO:colcon.colcon_core.plugin_system:Skipping extension 'colcon_notification.desktop_notification.terminal_notifier': Not used on non-Darwin systems
[0.171s] INFO:colcon.colcon_core.plugin_system:Skipping extension 'colcon_notification.desktop_notification.win32': Not used on non-Windows systems
[0.171s] INFO:colcon.colcon_notification.desktop_notification:Sending desktop notification using 'notify2'
[0.181s] DEBUG:colcon.colcon_core.event_reactor:joined thread
[0.182s] ERROR:colcon.colcon_core.entry_point:Exception loading extension 'colcon_core.shell.zsh': cannot import name 'Interpreter' from 'em' (/home/parallels/.local/lib/python3.8/site-packages/em/__init__.py) The Python package 'empy' must be installed and 'em' must not be installed since both packages share the same namespace
Traceback (most recent call last):
  File "/usr/lib/python3/dist-packages/colcon_core/entry_point.py", line 120, in load_entry_points
    extension_type = load_entry_point(entry_point)
  File "/usr/lib/python3/dist-packages/colcon_core/entry_point.py", line 166, in load_entry_point
    return entry_point.load()
  File "/usr/lib/python3/dist-packages/pkg_resources/__init__.py", line 2445, in load
    return self.resolve()
  File "/usr/lib/python3/dist-packages/pkg_resources/__init__.py", line 2451, in resolve
    module = __import__(self.module_name, fromlist=['__name__'], level=0)
  File "/usr/lib/python3/dist-packages/colcon_zsh/shell/zsh.py", line 13, in <module>
    from colcon_core.shell.template import expand_template
  File "/usr/lib/python3/dist-packages/colcon_core/shell/template/__init__.py", line 19, in <module>
    raise e from None
  File "/usr/lib/python3/dist-packages/colcon_core/shell/template/__init__.py", line 9, in <module>
    from em import Interpreter
ImportError: cannot import name 'Interpreter' from 'em' (/home/parallels/.local/lib/python3.8/site-packages/em/__init__.py) The Python package 'empy' must be installed and 'em' must not be installed since both packages share the same namespace

[0.182s] ERROR:colcon.colcon_core.entry_point:Exception loading extension 'colcon_core.shell.powershell': cannot import name 'Interpreter' from 'em' (/home/parallels/.local/lib/python3.8/site-packages/em/__init__.py) The Python package 'empy' must be installed and 'em' must not be installed since both packages share the same namespace
Traceback (most recent call last):
  File "/usr/lib/python3/dist-packages/colcon_core/entry_point.py", line 120, in load_entry_points
    extension_type = load_entry_point(entry_point)
  File "/usr/lib/python3/dist-packages/colcon_core/entry_point.py", line 166, in load_entry_point
    return entry_point.load()
  File "/usr/lib/python3/dist-packages/pkg_resources/__init__.py", line 2445, in load
    return self.resolve()
  File "/usr/lib/python3/dist-packages/pkg_resources/__init__.py", line 2451, in resolve
    module = __import__(self.module_name, fromlist=['__name__'], level=0)
  File "/usr/lib/python3/dist-packages/colcon_powershell/shell/powershell.py", line 17, in <module>
    from colcon_core.shell.template import expand_template
  File "/usr/lib/python3/dist-packages/colcon_core/shell/template/__init__.py", line 19, in <module>
    raise e from None
  File "/usr/lib/python3/dist-packages/colcon_core/shell/template/__init__.py", line 9, in <module>
    from em import Interpreter
ImportError: cannot import name 'Interpreter' from 'em' (/home/parallels/.local/lib/python3.8/site-packages/em/__init__.py) The Python package 'empy' must be installed and 'em' must not be installed since both packages share the same namespace

[0.183s] ERROR:colcon.colcon_core.entry_point:Exception loading extension 'colcon_core.shell.bat': cannot import name 'Interpreter' from 'em' (/home/parallels/.local/lib/python3.8/site-packages/em/__init__.py) The Python package 'empy' must be installed and 'em' must not be installed since both packages share the same namespace
Traceback (most recent call last):
  File "/usr/lib/python3/dist-packages/colcon_core/entry_point.py", line 120, in load_entry_points
    extension_type = load_entry_point(entry_point)
  File "/usr/lib/python3/dist-packages/colcon_core/entry_point.py", line 166, in load_entry_point
    return entry_point.load()
  File "/usr/lib/python3/dist-packages/pkg_resources/__init__.py", line 2445, in load
    return self.resolve()
  File "/usr/lib/python3/dist-packages/pkg_resources/__init__.py", line 2451, in resolve
    module = __import__(self.module_name, fromlist=['__name__'], level=0)
  File "/usr/lib/python3/dist-packages/colcon_core/shell/bat.py", line 15, in <module>
    from colcon_core.shell.template import expand_template
  File "/usr/lib/python3/dist-packages/colcon_core/shell/template/__init__.py", line 19, in <module>
    raise e from None
  File "/usr/lib/python3/dist-packages/colcon_core/shell/template/__init__.py", line 9, in <module>
    from em import Interpreter
ImportError: cannot import name 'Interpreter' from 'em' (/home/parallels/.local/lib/python3.8/site-packages/em/__init__.py) The Python package 'empy' must be installed and 'em' must not be installed since both packages share the same namespace

[0.183s] ERROR:colcon.colcon_core.entry_point:Exception loading extension 'colcon_core.shell.dsv': cannot import name 'Interpreter' from 'em' (/home/parallels/.local/lib/python3.8/site-packages/em/__init__.py) The Python package 'empy' must be installed and 'em' must not be installed since both packages share the same namespace
Traceback (most recent call last):
  File "/usr/lib/python3/dist-packages/colcon_core/entry_point.py", line 120, in load_entry_points
    extension_type = load_entry_point(entry_point)
  File "/usr/lib/python3/dist-packages/colcon_core/entry_point.py", line 166, in load_entry_point
    return entry_point.load()
  File "/usr/lib/python3/dist-packages/pkg_resources/__init__.py", line 2445, in load
    return self.resolve()
  File "/usr/lib/python3/dist-packages/pkg_resources/__init__.py", line 2451, in resolve
    module = __import__(self.module_name, fromlist=['__name__'], level=0)
  File "/usr/lib/python3/dist-packages/colcon_core/shell/dsv.py", line 9, in <module>
    from colcon_core.shell.template import expand_template
  File "/usr/lib/python3/dist-packages/colcon_core/shell/template/__init__.py", line 19, in <module>
    raise e from None
  File "/usr/lib/python3/dist-packages/colcon_core/shell/template/__init__.py", line 9, in <module>
    from em import Interpreter
ImportError: cannot import name 'Interpreter' from 'em' (/home/parallels/.local/lib/python3.8/site-packages/em/__init__.py) The Python package 'empy' must be installed and 'em' must not be installed since both packages share the same namespace

[0.183s] ERROR:colcon.colcon_core.entry_point:Exception loading extension 'colcon_core.shell.sh': cannot import name 'Interpreter' from 'em' (/home/parallels/.local/lib/python3.8/site-packages/em/__init__.py) The Python package 'empy' must be installed and 'em' must not be installed since both packages share the same namespace
Traceback (most recent call last):
  File "/usr/lib/python3/dist-packages/colcon_core/entry_point.py", line 120, in load_entry_points
    extension_type = load_entry_point(entry_point)
  File "/usr/lib/python3/dist-packages/colcon_core/entry_point.py", line 166, in load_entry_point
    return entry_point.load()
  File "/usr/lib/python3/dist-packages/pkg_resources/__init__.py", line 2445, in load
    return self.resolve()
  File "/usr/lib/python3/dist-packages/pkg_resources/__init__.py", line 2451, in resolve
    module = __import__(self.module_name, fromlist=['__name__'], level=0)
  File "/usr/lib/python3/dist-packages/colcon_core/shell/sh.py", line 15, in <module>
    from colcon_core.shell.template import expand_template
  File "/usr/lib/python3/dist-packages/colcon_core/shell/template/__init__.py", line 19, in <module>
    raise e from None
  File "/usr/lib/python3/dist-packages/colcon_core/shell/template/__init__.py", line 9, in <module>
    from em import Interpreter
ImportError: cannot import name 'Interpreter' from 'em' (/home/parallels/.local/lib/python3.8/site-packages/em/__init__.py) The Python package 'empy' must be installed and 'em' must not be installed since both packages share the same namespace

[0.183s] ERROR:colcon.colcon_core.entry_point:Exception loading extension 'colcon_core.shell.bash': cannot import name 'Interpreter' from 'em' (/home/parallels/.local/lib/python3.8/site-packages/em/__init__.py) The Python package 'empy' must be installed and 'em' must not be installed since both packages share the same namespace
Traceback (most recent call last):
  File "/usr/lib/python3/dist-packages/colcon_core/entry_point.py", line 120, in load_entry_points
    extension_type = load_entry_point(entry_point)
  File "/usr/lib/python3/dist-packages/colcon_core/entry_point.py", line 166, in load_entry_point
    return entry_point.load()
  File "/usr/lib/python3/dist-packages/pkg_resources/__init__.py", line 2445, in load
    return self.resolve()
  File "/usr/lib/python3/dist-packages/pkg_resources/__init__.py", line 2451, in resolve
    module = __import__(self.module_name, fromlist=['__name__'], level=0)
  File "/usr/lib/python3/dist-packages/colcon_bash/shell/bash.py", line 13, in <module>
    from colcon_core.shell.template import expand_template
  File "/usr/lib/python3/dist-packages/colcon_core/shell/template/__init__.py", line 19, in <module>
    raise e from None
  File "/usr/lib/python3/dist-packages/colcon_core/shell/template/__init__.py", line 9, in <module>
    from em import Interpreter
ImportError: cannot import name 'Interpreter' from 'em' (/home/parallels/.local/lib/python3.8/site-packages/em/__init__.py) The Python package 'empy' must be installed and 'em' must not be installed since both packages share the same namespace

